::1 - - [27/Jul/2018:10:36:20 +0000] "GET / HTTP/1.1" - - "-" "Mozilla/5.0 (Macintosh; Intel Mac OS X 10_13_5) AppleWebKit/537.36 (KHTML, like Gecko) Chrome/67.0.3396.99 Safari/537.36"
::1 - - [27/Jul/2018:10:36:28 +0000] "GET / HTTP/1.1" - - "-" "Mozilla/5.0 (Macintosh; Intel Mac OS X 10_13_5) AppleWebKit/537.36 (KHTML, like Gecko) Chrome/67.0.3396.99 Safari/537.36"
::1 - - [27/Jul/2018:10:36:32 +0000] "GET / HTTP/1.1" - - "-" "Mozilla/5.0 (Macintosh; Intel Mac OS X 10_13_5) AppleWebKit/537.36 (KHTML, like Gecko) Chrome/67.0.3396.99 Safari/537.36"
::1 - - [27/Jul/2018:10:36:36 +0000] "GET / HTTP/1.1" - - "-" "Mozilla/5.0 (Macintosh; Intel Mac OS X 10_13_5) AppleWebKit/537.36 (KHTML, like Gecko) Chrome/67.0.3396.99 Safari/537.36"
::1 - - [27/Jul/2018:10:36:41 +0000] "GET / HTTP/1.1" - - "-" "Mozilla/5.0 (Macintosh; Intel Mac OS X 10_13_5) AppleWebKit/537.36 (KHTML, like Gecko) Chrome/67.0.3396.99 Safari/537.36"
::1 - - [27/Jul/2018:10:37:27 +0000] "GET / HTTP/1.1" - - "-" "Mozilla/5.0 (Macintosh; Intel Mac OS X 10_13_5) AppleWebKit/537.36 (KHTML, like Gecko) Chrome/67.0.3396.99 Safari/537.36"
::1 - - [27/Jul/2018:10:37:56 +0000] "GET / HTTP/1.1" 302 56 "-" "Mozilla/5.0 (Macintosh; Intel Mac OS X 10_13_5) AppleWebKit/537.36 (KHTML, like Gecko) Chrome/67.0.3396.99 Safari/537.36"
::1 - - [27/Jul/2018:10:37:56 +0000] "GET /login HTTP/1.1" 200 1115 "-" "Mozilla/5.0 (Macintosh; Intel Mac OS X 10_13_5) AppleWebKit/537.36 (KHTML, like Gecko) Chrome/67.0.3396.99 Safari/537.36"
::1 - - [27/Jul/2018:10:37:56 +0000] "GET /main.css HTTP/1.1" 304 - "http://localhost:3000/login" "Mozilla/5.0 (Macintosh; Intel Mac OS X 10_13_5) AppleWebKit/537.36 (KHTML, like Gecko) Chrome/67.0.3396.99 Safari/537.36"
::1 - - [27/Jul/2018:10:37:56 +0000] "GET /css/bootstrap.min.css HTTP/1.1" 304 - "http://localhost:3000/login" "Mozilla/5.0 (Macintosh; Intel Mac OS X 10_13_5) AppleWebKit/537.36 (KHTML, like Gecko) Chrome/67.0.3396.99 Safari/537.36"
::1 - - [27/Jul/2018:10:56:33 +0000] "GET / HTTP/1.1" 302 56 "-" "Mozilla/5.0 (Macintosh; Intel Mac OS X 10_13_5) AppleWebKit/537.36 (KHTML, like Gecko) Chrome/67.0.3396.99 Safari/537.36"
::1 - - [27/Jul/2018:10:56:33 +0000] "GET /login HTTP/1.1" 200 1115 "-" "Mozilla/5.0 (Macintosh; Intel Mac OS X 10_13_5) AppleWebKit/537.36 (KHTML, like Gecko) Chrome/67.0.3396.99 Safari/537.36"
::1 - - [27/Jul/2018:10:56:33 +0000] "GET /main.css HTTP/1.1" 200 74 "http://localhost:3000/login" "Mozilla/5.0 (Macintosh; Intel Mac OS X 10_13_5) AppleWebKit/537.36 (KHTML, like Gecko) Chrome/67.0.3396.99 Safari/537.36"
::1 - - [27/Jul/2018:10:56:33 +0000] "GET /css/bootstrap.min.css HTTP/1.1" 200 121200 "http://localhost:3000/login" "Mozilla/5.0 (Macintosh; Intel Mac OS X 10_13_5) AppleWebKit/537.36 (KHTML, like Gecko) Chrome/67.0.3396.99 Safari/537.36"
::1 - - [27/Jul/2018:10:56:37 +0000] "POST /login HTTP/1.1" 302 46 "http://localhost:3000/login" "Mozilla/5.0 (Macintosh; Intel Mac OS X 10_13_5) AppleWebKit/537.36 (KHTML, like Gecko) Chrome/67.0.3396.99 Safari/537.36"
::1 - - [27/Jul/2018:10:56:37 +0000] "GET / HTTP/1.1" 200 1353 "http://localhost:3000/login" "Mozilla/5.0 (Macintosh; Intel Mac OS X 10_13_5) AppleWebKit/537.36 (KHTML, like Gecko) Chrome/67.0.3396.99 Safari/537.36"
::1 - - [27/Jul/2018:10:56:37 +0000] "GET /css/bootstrap.min.css HTTP/1.1" 304 - "http://localhost:3000/" "Mozilla/5.0 (Macintosh; Intel Mac OS X 10_13_5) AppleWebKit/537.36 (KHTML, like Gecko) Chrome/67.0.3396.99 Safari/537.36"
::1 - - [27/Jul/2018:10:56:37 +0000] "GET /main.css HTTP/1.1" 304 - "http://localhost:3000/" "Mozilla/5.0 (Macintosh; Intel Mac OS X 10_13_5) AppleWebKit/537.36 (KHTML, like Gecko) Chrome/67.0.3396.99 Safari/537.36"
::1 - - [27/Jul/2018:10:56:37 +0000] "GET /home.js HTTP/1.1" 200 1656 "http://localhost:3000/" "Mozilla/5.0 (Macintosh; Intel Mac OS X 10_13_5) AppleWebKit/537.36 (KHTML, like Gecko) Chrome/67.0.3396.99 Safari/537.36"
::1 - - [27/Jul/2018:10:56:37 +0000] "GET /jquery.min.js HTTP/1.1" 200 86927 "http://localhost:3000/" "Mozilla/5.0 (Macintosh; Intel Mac OS X 10_13_5) AppleWebKit/537.36 (KHTML, like Gecko) Chrome/67.0.3396.99 Safari/537.36"
::1 - - [27/Jul/2018:10:56:37 +0000] "GET /api/rooms HTTP/1.1" 200 268 "http://localhost:3000/" "Mozilla/5.0 (Macintosh; Intel Mac OS X 10_13_5) AppleWebKit/537.36 (KHTML, like Gecko) Chrome/67.0.3396.99 Safari/537.36"
::1 - - [27/Jul/2018:10:56:37 +0000] "GET /api/rooms/f2754172-1c58-41ed-ae84-74e046888adb/messages HTTP/1.1" 200 174 "http://localhost:3000/" "Mozilla/5.0 (Macintosh; Intel Mac OS X 10_13_5) AppleWebKit/537.36 (KHTML, like Gecko) Chrome/67.0.3396.99 Safari/537.36"
::1 - - [27/Jul/2018:10:56:39 +0000] "GET /logout HTTP/1.1" 302 56 "http://localhost:3000/" "Mozilla/5.0 (Macintosh; Intel Mac OS X 10_13_5) AppleWebKit/537.36 (KHTML, like Gecko) Chrome/67.0.3396.99 Safari/537.36"
::1 - - [27/Jul/2018:10:56:39 +0000] "GET /login HTTP/1.1" 200 1115 "http://localhost:3000/" "Mozilla/5.0 (Macintosh; Intel Mac OS X 10_13_5) AppleWebKit/537.36 (KHTML, like Gecko) Chrome/67.0.3396.99 Safari/537.36"
::1 - - [27/Jul/2018:10:56:39 +0000] "GET /main.css HTTP/1.1" 304 - "http://localhost:3000/login" "Mozilla/5.0 (Macintosh; Intel Mac OS X 10_13_5) AppleWebKit/537.36 (KHTML, like Gecko) Chrome/67.0.3396.99 Safari/537.36"
::1 - - [27/Jul/2018:10:56:39 +0000] "GET /css/bootstrap.min.css HTTP/1.1" 304 - "http://localhost:3000/login" "Mozilla/5.0 (Macintosh; Intel Mac OS X 10_13_5) AppleWebKit/537.36 (KHTML, like Gecko) Chrome/67.0.3396.99 Safari/537.36"
::1 - - [27/Jul/2018:10:56:46 +0000] "POST /login HTTP/1.1" 302 56 "http://localhost:3000/login" "Mozilla/5.0 (Macintosh; Intel Mac OS X 10_13_5) AppleWebKit/537.36 (KHTML, like Gecko) Chrome/67.0.3396.99 Safari/537.36"
::1 - - [27/Jul/2018:10:56:46 +0000] "GET /login HTTP/1.1" 200 1115 "http://localhost:3000/login" "Mozilla/5.0 (Macintosh; Intel Mac OS X 10_13_5) AppleWebKit/537.36 (KHTML, like Gecko) Chrome/67.0.3396.99 Safari/537.36"
::1 - - [27/Jul/2018:10:56:46 +0000] "GET /css/bootstrap.min.css HTTP/1.1" 304 - "http://localhost:3000/login" "Mozilla/5.0 (Macintosh; Intel Mac OS X 10_13_5) AppleWebKit/537.36 (KHTML, like Gecko) Chrome/67.0.3396.99 Safari/537.36"
::1 - - [27/Jul/2018:10:56:46 +0000] "GET /main.css HTTP/1.1" 304 - "http://localhost:3000/login" "Mozilla/5.0 (Macintosh; Intel Mac OS X 10_13_5) AppleWebKit/537.36 (KHTML, like Gecko) Chrome/67.0.3396.99 Safari/537.36"
::1 - - [27/Jul/2018:10:56:54 +0000] "POST /login HTTP/1.1" 302 46 "http://localhost:3000/login" "Mozilla/5.0 (Macintosh; Intel Mac OS X 10_13_5) AppleWebKit/537.36 (KHTML, like Gecko) Chrome/67.0.3396.99 Safari/537.36"
::1 - - [27/Jul/2018:10:56:54 +0000] "GET / HTTP/1.1" 200 1354 "http://localhost:3000/login" "Mozilla/5.0 (Macintosh; Intel Mac OS X 10_13_5) AppleWebKit/537.36 (KHTML, like Gecko) Chrome/67.0.3396.99 Safari/537.36"
::1 - - [27/Jul/2018:10:56:54 +0000] "GET /css/bootstrap.min.css HTTP/1.1" 304 - "http://localhost:3000/" "Mozilla/5.0 (Macintosh; Intel Mac OS X 10_13_5) AppleWebKit/537.36 (KHTML, like Gecko) Chrome/67.0.3396.99 Safari/537.36"
::1 - - [27/Jul/2018:10:56:54 +0000] "GET /main.css HTTP/1.1" 304 - "http://localhost:3000/" "Mozilla/5.0 (Macintosh; Intel Mac OS X 10_13_5) AppleWebKit/537.36 (KHTML, like Gecko) Chrome/67.0.3396.99 Safari/537.36"
::1 - - [27/Jul/2018:10:56:54 +0000] "GET /home.js HTTP/1.1" 304 - "http://localhost:3000/" "Mozilla/5.0 (Macintosh; Intel Mac OS X 10_13_5) AppleWebKit/537.36 (KHTML, like Gecko) Chrome/67.0.3396.99 Safari/537.36"
::1 - - [27/Jul/2018:10:56:54 +0000] "GET /jquery.min.js HTTP/1.1" 304 - "http://localhost:3000/" "Mozilla/5.0 (Macintosh; Intel Mac OS X 10_13_5) AppleWebKit/537.36 (KHTML, like Gecko) Chrome/67.0.3396.99 Safari/537.36"
::1 - - [27/Jul/2018:10:56:54 +0000] "GET /api/rooms HTTP/1.1" 304 - "http://localhost:3000/" "Mozilla/5.0 (Macintosh; Intel Mac OS X 10_13_5) AppleWebKit/537.36 (KHTML, like Gecko) Chrome/67.0.3396.99 Safari/537.36"
::1 - - [27/Jul/2018:10:56:54 +0000] "GET /api/rooms/f2754172-1c58-41ed-ae84-74e046888adb/messages HTTP/1.1" 304 - "http://localhost:3000/" "Mozilla/5.0 (Macintosh; Intel Mac OS X 10_13_5) AppleWebKit/537.36 (KHTML, like Gecko) Chrome/67.0.3396.99 Safari/537.36"
::1 - - [27/Jul/2018:10:59:31 +0000] "GET / HTTP/1.1" 302 56 "-" "Mozilla/5.0 (Macintosh; Intel Mac OS X 10_13_5) AppleWebKit/537.36 (KHTML, like Gecko) Chrome/67.0.3396.99 Safari/537.36"
::1 - - [27/Jul/2018:10:59:31 +0000] "GET /login HTTP/1.1" 304 - "-" "Mozilla/5.0 (Macintosh; Intel Mac OS X 10_13_5) AppleWebKit/537.36 (KHTML, like Gecko) Chrome/67.0.3396.99 Safari/537.36"
::1 - - [27/Jul/2018:10:59:31 +0000] "GET /css/bootstrap.min.css HTTP/1.1" 304 - "http://localhost:3000/login" "Mozilla/5.0 (Macintosh; Intel Mac OS X 10_13_5) AppleWebKit/537.36 (KHTML, like Gecko) Chrome/67.0.3396.99 Safari/537.36"
::1 - - [27/Jul/2018:10:59:31 +0000] "GET /main.css HTTP/1.1" 304 - "http://localhost:3000/login" "Mozilla/5.0 (Macintosh; Intel Mac OS X 10_13_5) AppleWebKit/537.36 (KHTML, like Gecko) Chrome/67.0.3396.99 Safari/537.36"
::1 - - [27/Jul/2018:11:01:44 +0000] "GET /login HTTP/1.1" 304 - "-" "Mozilla/5.0 (Macintosh; Intel Mac OS X 10_13_5) AppleWebKit/537.36 (KHTML, like Gecko) Chrome/67.0.3396.99 Safari/537.36"
::1 - - [27/Jul/2018:11:01:45 +0000] "GET /main.css HTTP/1.1" 304 - "http://localhost:3000/login" "Mozilla/5.0 (Macintosh; Intel Mac OS X 10_13_5) AppleWebKit/537.36 (KHTML, like Gecko) Chrome/67.0.3396.99 Safari/537.36"
::1 - - [27/Jul/2018:11:01:45 +0000] "GET /css/bootstrap.min.css HTTP/1.1" 304 - "http://localhost:3000/login" "Mozilla/5.0 (Macintosh; Intel Mac OS X 10_13_5) AppleWebKit/537.36 (KHTML, like Gecko) Chrome/67.0.3396.99 Safari/537.36"
::1 - - [27/Jul/2018:11:01:52 +0000] "POST /login HTTP/1.1" 302 46 "http://localhost:3000/login" "Mozilla/5.0 (Macintosh; Intel Mac OS X 10_13_5) AppleWebKit/537.36 (KHTML, like Gecko) Chrome/67.0.3396.99 Safari/537.36"
::1 - - [27/Jul/2018:11:01:52 +0000] "GET / HTTP/1.1" 200 1353 "http://localhost:3000/login" "Mozilla/5.0 (Macintosh; Intel Mac OS X 10_13_5) AppleWebKit/537.36 (KHTML, like Gecko) Chrome/67.0.3396.99 Safari/537.36"
::1 - - [27/Jul/2018:11:01:52 +0000] "GET /css/bootstrap.min.css HTTP/1.1" 304 - "http://localhost:3000/" "Mozilla/5.0 (Macintosh; Intel Mac OS X 10_13_5) AppleWebKit/537.36 (KHTML, like Gecko) Chrome/67.0.3396.99 Safari/537.36"
::1 - - [27/Jul/2018:11:01:52 +0000] "GET /main.css HTTP/1.1" 304 - "http://localhost:3000/" "Mozilla/5.0 (Macintosh; Intel Mac OS X 10_13_5) AppleWebKit/537.36 (KHTML, like Gecko) Chrome/67.0.3396.99 Safari/537.36"
::1 - - [27/Jul/2018:11:01:52 +0000] "GET /home.js HTTP/1.1" 304 - "http://localhost:3000/" "Mozilla/5.0 (Macintosh; Intel Mac OS X 10_13_5) AppleWebKit/537.36 (KHTML, like Gecko) Chrome/67.0.3396.99 Safari/537.36"
::1 - - [27/Jul/2018:11:01:52 +0000] "GET /jquery.min.js HTTP/1.1" 304 - "http://localhost:3000/" "Mozilla/5.0 (Macintosh; Intel Mac OS X 10_13_5) AppleWebKit/537.36 (KHTML, like Gecko) Chrome/67.0.3396.99 Safari/537.36"
::1 - - [27/Jul/2018:11:01:52 +0000] "GET /api/rooms HTTP/1.1" 304 - "http://localhost:3000/" "Mozilla/5.0 (Macintosh; Intel Mac OS X 10_13_5) AppleWebKit/537.36 (KHTML, like Gecko) Chrome/67.0.3396.99 Safari/537.36"
::1 - - [27/Jul/2018:11:01:52 +0000] "GET /api/rooms/f2754172-1c58-41ed-ae84-74e046888adb/messages HTTP/1.1" 200 174 "http://localhost:3000/" "Mozilla/5.0 (Macintosh; Intel Mac OS X 10_13_5) AppleWebKit/537.36 (KHTML, like Gecko) Chrome/67.0.3396.99 Safari/537.36"
::1 - - [27/Jul/2018:11:02:18 +0000] "GET / HTTP/1.1" 302 56 "http://localhost:3000/login" "Mozilla/5.0 (Macintosh; Intel Mac OS X 10_13_5) AppleWebKit/537.36 (KHTML, like Gecko) Chrome/67.0.3396.99 Safari/537.36"
::1 - - [27/Jul/2018:11:02:19 +0000] "GET /login HTTP/1.1" 200 1115 "http://localhost:3000/login" "Mozilla/5.0 (Macintosh; Intel Mac OS X 10_13_5) AppleWebKit/537.36 (KHTML, like Gecko) Chrome/67.0.3396.99 Safari/537.36"
::1 - - [27/Jul/2018:11:02:19 +0000] "GET /css/bootstrap.min.css HTTP/1.1" 304 - "http://localhost:3000/login" "Mozilla/5.0 (Macintosh; Intel Mac OS X 10_13_5) AppleWebKit/537.36 (KHTML, like Gecko) Chrome/67.0.3396.99 Safari/537.36"
::1 - - [27/Jul/2018:11:02:19 +0000] "GET /main.css HTTP/1.1" 304 - "http://localhost:3000/login" "Mozilla/5.0 (Macintosh; Intel Mac OS X 10_13_5) AppleWebKit/537.36 (KHTML, like Gecko) Chrome/67.0.3396.99 Safari/537.36"
::1 - - [27/Jul/2018:11:02:24 +0000] "POST /login HTTP/1.1" 302 46 "http://localhost:3000/login" "Mozilla/5.0 (Macintosh; Intel Mac OS X 10_13_5) AppleWebKit/537.36 (KHTML, like Gecko) Chrome/67.0.3396.99 Safari/537.36"
::1 - - [27/Jul/2018:11:02:24 +0000] "GET / HTTP/1.1" 200 1353 "http://localhost:3000/login" "Mozilla/5.0 (Macintosh; Intel Mac OS X 10_13_5) AppleWebKit/537.36 (KHTML, like Gecko) Chrome/67.0.3396.99 Safari/537.36"
::1 - - [27/Jul/2018:11:02:24 +0000] "GET /css/bootstrap.min.css HTTP/1.1" 304 - "http://localhost:3000/" "Mozilla/5.0 (Macintosh; Intel Mac OS X 10_13_5) AppleWebKit/537.36 (KHTML, like Gecko) Chrome/67.0.3396.99 Safari/537.36"
::1 - - [27/Jul/2018:11:02:25 +0000] "GET /main.css HTTP/1.1" 304 - "http://localhost:3000/" "Mozilla/5.0 (Macintosh; Intel Mac OS X 10_13_5) AppleWebKit/537.36 (KHTML, like Gecko) Chrome/67.0.3396.99 Safari/537.36"
::1 - - [27/Jul/2018:11:02:25 +0000] "GET /home.js HTTP/1.1" 304 - "http://localhost:3000/" "Mozilla/5.0 (Macintosh; Intel Mac OS X 10_13_5) AppleWebKit/537.36 (KHTML, like Gecko) Chrome/67.0.3396.99 Safari/537.36"
::1 - - [27/Jul/2018:11:02:25 +0000] "GET /jquery.min.js HTTP/1.1" 304 - "http://localhost:3000/" "Mozilla/5.0 (Macintosh; Intel Mac OS X 10_13_5) AppleWebKit/537.36 (KHTML, like Gecko) Chrome/67.0.3396.99 Safari/537.36"
::1 - - [27/Jul/2018:11:02:25 +0000] "GET /api/rooms HTTP/1.1" 304 - "http://localhost:3000/" "Mozilla/5.0 (Macintosh; Intel Mac OS X 10_13_5) AppleWebKit/537.36 (KHTML, like Gecko) Chrome/67.0.3396.99 Safari/537.36"
::1 - - [27/Jul/2018:11:02:25 +0000] "GET /api/rooms/f2754172-1c58-41ed-ae84-74e046888adb/messages HTTP/1.1" 304 - "http://localhost:3000/" "Mozilla/5.0 (Macintosh; Intel Mac OS X 10_13_5) AppleWebKit/537.36 (KHTML, like Gecko) Chrome/67.0.3396.99 Safari/537.36"
::1 - - [27/Jul/2018:11:06:08 +0000] "GET / HTTP/1.1" 302 56 "-" "Mozilla/5.0 (Macintosh; Intel Mac OS X 10_13_5) AppleWebKit/537.36 (KHTML, like Gecko) Chrome/67.0.3396.99 Safari/537.36"
::1 - - [27/Jul/2018:11:06:08 +0000] "GET /login HTTP/1.1" 200 1115 "-" "Mozilla/5.0 (Macintosh; Intel Mac OS X 10_13_5) AppleWebKit/537.36 (KHTML, like Gecko) Chrome/67.0.3396.99 Safari/537.36"
::1 - - [27/Jul/2018:11:06:08 +0000] "GET /main.css HTTP/1.1" 304 - "http://localhost:3000/login" "Mozilla/5.0 (Macintosh; Intel Mac OS X 10_13_5) AppleWebKit/537.36 (KHTML, like Gecko) Chrome/67.0.3396.99 Safari/537.36"
::1 - - [27/Jul/2018:11:06:08 +0000] "GET /css/bootstrap.min.css HTTP/1.1" 304 - "http://localhost:3000/login" "Mozilla/5.0 (Macintosh; Intel Mac OS X 10_13_5) AppleWebKit/537.36 (KHTML, like Gecko) Chrome/67.0.3396.99 Safari/537.36"
::1 - - [27/Jul/2018:11:06:12 +0000] "POST /login HTTP/1.1" 302 46 "http://localhost:3000/login" "Mozilla/5.0 (Macintosh; Intel Mac OS X 10_13_5) AppleWebKit/537.36 (KHTML, like Gecko) Chrome/67.0.3396.99 Safari/537.36"
::1 - - [27/Jul/2018:11:06:12 +0000] "GET / HTTP/1.1" 200 1353 "http://localhost:3000/login" "Mozilla/5.0 (Macintosh; Intel Mac OS X 10_13_5) AppleWebKit/537.36 (KHTML, like Gecko) Chrome/67.0.3396.99 Safari/537.36"
::1 - - [27/Jul/2018:11:06:12 +0000] "GET /main.css HTTP/1.1" 304 - "http://localhost:3000/" "Mozilla/5.0 (Macintosh; Intel Mac OS X 10_13_5) AppleWebKit/537.36 (KHTML, like Gecko) Chrome/67.0.3396.99 Safari/537.36"
::1 - - [27/Jul/2018:11:06:12 +0000] "GET /home.js HTTP/1.1" 304 - "http://localhost:3000/" "Mozilla/5.0 (Macintosh; Intel Mac OS X 10_13_5) AppleWebKit/537.36 (KHTML, like Gecko) Chrome/67.0.3396.99 Safari/537.36"
::1 - - [27/Jul/2018:11:06:12 +0000] "GET /css/bootstrap.min.css HTTP/1.1" 304 - "http://localhost:3000/" "Mozilla/5.0 (Macintosh; Intel Mac OS X 10_13_5) AppleWebKit/537.36 (KHTML, like Gecko) Chrome/67.0.3396.99 Safari/537.36"
::1 - - [27/Jul/2018:11:06:12 +0000] "GET /jquery.min.js HTTP/1.1" 304 - "http://localhost:3000/" "Mozilla/5.0 (Macintosh; Intel Mac OS X 10_13_5) AppleWebKit/537.36 (KHTML, like Gecko) Chrome/67.0.3396.99 Safari/537.36"
::1 - - [27/Jul/2018:11:06:12 +0000] "GET /api/rooms HTTP/1.1" 304 - "http://localhost:3000/" "Mozilla/5.0 (Macintosh; Intel Mac OS X 10_13_5) AppleWebKit/537.36 (KHTML, like Gecko) Chrome/67.0.3396.99 Safari/537.36"
::1 - - [27/Jul/2018:11:06:12 +0000] "GET /api/rooms/f2754172-1c58-41ed-ae84-74e046888adb/messages HTTP/1.1" 304 - "http://localhost:3000/" "Mozilla/5.0 (Macintosh; Intel Mac OS X 10_13_5) AppleWebKit/537.36 (KHTML, like Gecko) Chrome/67.0.3396.99 Safari/537.36"
